<?xml version="1.0" encoding="UTF-8"?>
<!-- Generated by org.testng.reporters.JUnitReportReporter -->
<testsuite hostname="DESKTOP-AM6U94K" failures="0" tests="1" name="com.mohs10.Report.PDFReportTest" time="23.865" errors="0" timestamp="2023-02-24T10:53:23 IST" skipped="0">
  <testcase classname="com.mohs10.Report.PDFReportTest" name="PDFreports" time="23.865"/>
  <system-out/>
</testsuite> <!-- com.mohs10.Report.PDFReportTest -->
