<?xml version="1.0" encoding="UTF-8"?>
<!-- Generated by org.testng.reporters.JUnitReportReporter -->
<testsuite hostname="DESKTOP-AM6U94K" failures="0" tests="1" name="dashboard_db.TablesTest" time="11.133" errors="0" timestamp="2023-04-18T03:04:02 IST" skipped="0">
  <testcase classname="dashboard_db.TablesTest" name="Tables" time="11.133"/>
  <system-out/>
</testsuite> <!-- dashboard_db.TablesTest -->
