<?xml version="1.0" encoding="UTF-8"?>
<!-- Generated by org.testng.reporters.JUnitReportReporter -->
<testsuite hostname="DESKTOP-AM6U94K" failures="0" tests="2" name="negative_Testing.Login_Register_PositiveTest" time="10.907" errors="0" timestamp="2023-04-14T17:59:34 IST" skipped="0">
  <testcase classname="negative_Testing.Login_Register_PositiveTest" name="RegisterVerification" time="8.762"/>
  <system-out/>
  <testcase classname="negative_Testing.Login_Register_PositiveTest" name="LoginVerification" time="2.145"/>
  <system-out/>
</testsuite> <!-- negative_Testing.Login_Register_PositiveTest -->
