<?xml version="1.0" encoding="UTF-8"?>
<!-- Generated by org.testng.reporters.JUnitReportReporter -->
<testsuite hostname="DESKTOP-AM6U94K" failures="0" tests="4" name="SeleniumGrid.Grid_Login$AdminLoginTest" time="2.125" errors="2" timestamp="2023-04-14T02:08:41 IST" skipped="2">
  <testcase classname="SeleniumGrid.Grid_Login$AdminLoginTest" name="launchApp" time="1.067">
    <error message="Error forwarding the new session Empty pool of VM for setup Capabilities {browserName: firefox}
Command duration or timeout: 356 milliseconds
Build info: version: &#039;3.141.59&#039;, revision: &#039;e82be7d358&#039;, time: &#039;2018-11-14T08:17:03&#039;
System info: host: &#039;DESKTOP-AM6U94K&#039;, ip: &#039;192.168.56.1&#039;, os.name: &#039;Windows 10&#039;, os.arch: &#039;amd64&#039;, os.version: &#039;10.0&#039;, java.version: &#039;19&#039;
Driver info: driver.version: RemoteWebDriver" type="org.openqa.selenium.WebDriverException">
      <![CDATA[org.openqa.selenium.WebDriverException: Error forwarding the new session Empty pool of VM for setup Capabilities {browserName: firefox}
Command duration or timeout: 356 milliseconds
Build info: version: '3.141.59', revision: 'e82be7d358', time: '2018-11-14T08:17:03'
System info: host: 'DESKTOP-AM6U94K', ip: '192.168.56.1', os.name: 'Windows 10', os.arch: 'amd64', os.version: '10.0', java.version: '19'
Driver info: driver.version: RemoteWebDriver
at java.base/jdk.internal.reflect.DirectConstructorHandleAccessor.newInstance(DirectConstructorHandleAccessor.java:67)
at java.base/java.lang.reflect.Constructor.newInstanceWithCaller(Constructor.java:500)
at java.base/java.lang.reflect.Constructor.newInstance(Constructor.java:484)
at org.openqa.selenium.remote.ErrorHandler.createThrowable(ErrorHandler.java:214)
at org.openqa.selenium.remote.ErrorHandler.throwIfResponseFailed(ErrorHandler.java:166)
at org.openqa.selenium.remote.JsonWireProtocolResponse.lambda$errorHandler$0(JsonWireProtocolResponse.java:54)
at org.openqa.selenium.remote.HandshakeResponse.lambda$getResponseFunction$0(HandshakeResponse.java:30)
at org.openqa.selenium.remote.ProtocolHandshake.lambda$createSession$0(ProtocolHandshake.java:126)
at java.base/java.util.stream.ReferencePipeline$3$1.accept(ReferencePipeline.java:197)
at java.base/java.util.Spliterators$ArraySpliterator.tryAdvance(Spliterators.java:1016)
at java.base/java.util.stream.ReferencePipeline.forEachWithCancel(ReferencePipeline.java:129)
at java.base/java.util.stream.AbstractPipeline.copyIntoWithCancel(AbstractPipeline.java:527)
at java.base/java.util.stream.AbstractPipeline.copyInto(AbstractPipeline.java:513)
at java.base/java.util.stream.AbstractPipeline.wrapAndCopyInto(AbstractPipeline.java:499)
at java.base/java.util.stream.FindOps$FindOp.evaluateSequential(FindOps.java:150)
at java.base/java.util.stream.AbstractPipeline.evaluate(AbstractPipeline.java:234)
at java.base/java.util.stream.ReferencePipeline.findFirst(ReferencePipeline.java:647)
at org.openqa.selenium.remote.ProtocolHandshake.createSession(ProtocolHandshake.java:128)
at org.openqa.selenium.remote.ProtocolHandshake.createSession(ProtocolHandshake.java:74)
at org.openqa.selenium.remote.HttpCommandExecutor.execute(HttpCommandExecutor.java:136)
at org.openqa.selenium.remote.RemoteWebDriver.execute(RemoteWebDriver.java:552)
at org.openqa.selenium.remote.RemoteWebDriver.startSession(RemoteWebDriver.java:213)
at org.openqa.selenium.remote.RemoteWebDriver.<init>(RemoteWebDriver.java:131)
at org.openqa.selenium.remote.RemoteWebDriver.<init>(RemoteWebDriver.java:144)
at SeleniumGrid.Grid_Login$AdminLoginTest.launchApp(Grid_Login.java:55)
at java.base/jdk.internal.reflect.DirectMethodHandleAccessor.invoke(DirectMethodHandleAccessor.java:104)
at java.base/java.lang.reflect.Method.invoke(Method.java:578)
at org.testng.internal.MethodInvocationHelper.invokeMethod(MethodInvocationHelper.java:133)
at org.testng.internal.MethodInvocationHelper.invokeMethodConsideringTimeout(MethodInvocationHelper.java:62)
at org.testng.internal.ConfigInvoker.invokeConfigurationMethod(ConfigInvoker.java:385)
at org.testng.internal.ConfigInvoker.invokeConfigurations(ConfigInvoker.java:321)
at org.testng.internal.TestMethodWorker.invokeBeforeClassMethods(TestMethodWorker.java:176)
at org.testng.internal.TestMethodWorker.run(TestMethodWorker.java:122)
at java.base/java.util.ArrayList.forEach(ArrayList.java:1511)
at org.testng.TestRunner.privateRun(TestRunner.java:794)
at org.testng.TestRunner.run(TestRunner.java:596)
at org.testng.SuiteRunner.runTest(SuiteRunner.java:377)
at org.testng.SuiteRunner.access$000(SuiteRunner.java:28)
at org.testng.SuiteRunner$SuiteWorker.run(SuiteRunner.java:418)
at org.testng.internal.thread.ThreadUtil.lambda$execute$0(ThreadUtil.java:64)
at java.base/java.util.concurrent.FutureTask.run(FutureTask.java:317)
at java.base/java.util.concurrent.ThreadPoolExecutor.runWorker(ThreadPoolExecutor.java:1144)
at java.base/java.util.concurrent.ThreadPoolExecutor$Worker.run(ThreadPoolExecutor.java:642)
at java.base/java.lang.Thread.run(Thread.java:1589)
Caused by: org.openqa.grid.common.exception.GridException: Error forwarding the new session Empty pool of VM for setup Capabilities {browserName: firefox}
at org.openqa.grid.web.servlet.handler.RequestHandler.process(RequestHandler.java:118)
at org.openqa.grid.web.servlet.DriverServlet.process(DriverServlet.java:85)
at org.openqa.grid.web.servlet.DriverServlet.doPost(DriverServlet.java:69)
at javax.servlet.http.HttpServlet.service(HttpServlet.java:707)
at javax.servlet.http.HttpServlet.service(HttpServlet.java:790)
at org.seleniumhq.jetty9.servlet.ServletHolder.handle(ServletHolder.java:865)
at org.seleniumhq.jetty9.servlet.ServletHandler.doHandle(ServletHandler.java:535)
at org.seleniumhq.jetty9.server.handler.ScopedHandler.handle(ScopedHandler.java:146)
at org.seleniumhq.jetty9.security.SecurityHandler.handle(SecurityHandler.java:548)
at org.seleniumhq.jetty9.server.handler.HandlerWrapper.handle(HandlerWrapper.java:132)
at org.seleniumhq.jetty9.server.handler.ScopedHandler.nextHandle(ScopedHandler.java:257)
at org.seleniumhq.jetty9.server.session.SessionHandler.doHandle(SessionHandler.java:1595)
at org.seleniumhq.jetty9.server.handler.ScopedHandler.nextHandle(ScopedHandler.java:255)
at org.seleniumhq.jetty9.server.handler.ContextHandler.doHandle(ContextHandler.java:1340)
at org.seleniumhq.jetty9.server.handler.ScopedHandler.nextScope(ScopedHandler.java:203)
at org.seleniumhq.jetty9.servlet.ServletHandler.doScope(ServletHandler.java:473)
at org.seleniumhq.jetty9.server.session.SessionHandler.doScope(SessionHandler.java:1564)
at org.seleniumhq.jetty9.server.handler.ScopedHandler.nextScope(ScopedHandler.java:201)
at org.seleniumhq.jetty9.server.handler.ContextHandler.doScope(ContextHandler.java:1242)
at org.seleniumhq.jetty9.server.handler.ScopedHandler.handle(ScopedHandler.java:144)
at org.seleniumhq.jetty9.server.handler.HandlerWrapper.handle(HandlerWrapper.java:132)
at org.seleniumhq.jetty9.server.Server.handle(Server.java:503)
at org.seleniumhq.jetty9.server.HttpChannel.handle(HttpChannel.java:364)
at org.seleniumhq.jetty9.server.HttpConnection.onFillable(HttpConnection.java:260)
at org.seleniumhq.jetty9.io.AbstractConnection$ReadCallback.succeeded(AbstractConnection.java:305)
at org.seleniumhq.jetty9.io.FillInterest.fillable(FillInterest.java:103)
at org.seleniumhq.jetty9.io.ChannelEndPoint$2.run(ChannelEndPoint.java:118)
at org.seleniumhq.jetty9.util.thread.QueuedThreadPool.runJob(QueuedThreadPool.java:765)
at org.seleniumhq.jetty9.util.thread.QueuedThreadPool$2.run(QueuedThreadPool.java:683)
at java.lang.Thread.run(Thread.java:834)
]]>
    </error>
  </testcase> <!-- launchApp -->
  <system-out/>
  <testcase classname="SeleniumGrid.Grid_Login$AdminLoginTest" name="checkAdminLogin" time="0.000">
    <skipped/>
  </testcase> <!-- checkAdminLogin -->
  <system-out/>
  <testcase classname="SeleniumGrid.Grid_Login$AdminLoginTest" name="launchApp" time="1.058">
    <error message="Error forwarding the new session Empty pool of VM for setup Capabilities {browserName: firefox}
Command duration or timeout: 355 milliseconds
Build info: version: &#039;3.141.59&#039;, revision: &#039;e82be7d358&#039;, time: &#039;2018-11-14T08:17:03&#039;
System info: host: &#039;DESKTOP-AM6U94K&#039;, ip: &#039;192.168.56.1&#039;, os.name: &#039;Windows 10&#039;, os.arch: &#039;amd64&#039;, os.version: &#039;10.0&#039;, java.version: &#039;19&#039;
Driver info: driver.version: RemoteWebDriver" type="org.openqa.selenium.WebDriverException">
      <![CDATA[org.openqa.selenium.WebDriverException: Error forwarding the new session Empty pool of VM for setup Capabilities {browserName: firefox}
Command duration or timeout: 355 milliseconds
Build info: version: '3.141.59', revision: 'e82be7d358', time: '2018-11-14T08:17:03'
System info: host: 'DESKTOP-AM6U94K', ip: '192.168.56.1', os.name: 'Windows 10', os.arch: 'amd64', os.version: '10.0', java.version: '19'
Driver info: driver.version: RemoteWebDriver
at java.base/jdk.internal.reflect.DirectConstructorHandleAccessor.newInstance(DirectConstructorHandleAccessor.java:67)
at java.base/java.lang.reflect.Constructor.newInstanceWithCaller(Constructor.java:500)
at java.base/java.lang.reflect.Constructor.newInstance(Constructor.java:484)
at org.openqa.selenium.remote.ErrorHandler.createThrowable(ErrorHandler.java:214)
at org.openqa.selenium.remote.ErrorHandler.throwIfResponseFailed(ErrorHandler.java:166)
at org.openqa.selenium.remote.JsonWireProtocolResponse.lambda$errorHandler$0(JsonWireProtocolResponse.java:54)
at org.openqa.selenium.remote.HandshakeResponse.lambda$getResponseFunction$0(HandshakeResponse.java:30)
at org.openqa.selenium.remote.ProtocolHandshake.lambda$createSession$0(ProtocolHandshake.java:126)
at java.base/java.util.stream.ReferencePipeline$3$1.accept(ReferencePipeline.java:197)
at java.base/java.util.Spliterators$ArraySpliterator.tryAdvance(Spliterators.java:1016)
at java.base/java.util.stream.ReferencePipeline.forEachWithCancel(ReferencePipeline.java:129)
at java.base/java.util.stream.AbstractPipeline.copyIntoWithCancel(AbstractPipeline.java:527)
at java.base/java.util.stream.AbstractPipeline.copyInto(AbstractPipeline.java:513)
at java.base/java.util.stream.AbstractPipeline.wrapAndCopyInto(AbstractPipeline.java:499)
at java.base/java.util.stream.FindOps$FindOp.evaluateSequential(FindOps.java:150)
at java.base/java.util.stream.AbstractPipeline.evaluate(AbstractPipeline.java:234)
at java.base/java.util.stream.ReferencePipeline.findFirst(ReferencePipeline.java:647)
at org.openqa.selenium.remote.ProtocolHandshake.createSession(ProtocolHandshake.java:128)
at org.openqa.selenium.remote.ProtocolHandshake.createSession(ProtocolHandshake.java:74)
at org.openqa.selenium.remote.HttpCommandExecutor.execute(HttpCommandExecutor.java:136)
at org.openqa.selenium.remote.RemoteWebDriver.execute(RemoteWebDriver.java:552)
at org.openqa.selenium.remote.RemoteWebDriver.startSession(RemoteWebDriver.java:213)
at org.openqa.selenium.remote.RemoteWebDriver.<init>(RemoteWebDriver.java:131)
at org.openqa.selenium.remote.RemoteWebDriver.<init>(RemoteWebDriver.java:144)
at SeleniumGrid.Grid_Login$AdminLoginTest.launchApp(Grid_Login.java:55)
at java.base/jdk.internal.reflect.DirectMethodHandleAccessor.invoke(DirectMethodHandleAccessor.java:104)
at java.base/java.lang.reflect.Method.invoke(Method.java:578)
at org.testng.internal.MethodInvocationHelper.invokeMethod(MethodInvocationHelper.java:133)
at org.testng.internal.MethodInvocationHelper.invokeMethodConsideringTimeout(MethodInvocationHelper.java:62)
at org.testng.internal.ConfigInvoker.invokeConfigurationMethod(ConfigInvoker.java:385)
at org.testng.internal.ConfigInvoker.invokeConfigurations(ConfigInvoker.java:321)
at org.testng.internal.TestMethodWorker.invokeBeforeClassMethods(TestMethodWorker.java:176)
at org.testng.internal.TestMethodWorker.run(TestMethodWorker.java:122)
at java.base/java.util.ArrayList.forEach(ArrayList.java:1511)
at org.testng.TestRunner.privateRun(TestRunner.java:794)
at org.testng.TestRunner.run(TestRunner.java:596)
at org.testng.SuiteRunner.runTest(SuiteRunner.java:377)
at org.testng.SuiteRunner.access$000(SuiteRunner.java:28)
at org.testng.SuiteRunner$SuiteWorker.run(SuiteRunner.java:418)
at org.testng.internal.thread.ThreadUtil.lambda$execute$0(ThreadUtil.java:64)
at java.base/java.util.concurrent.FutureTask.run(FutureTask.java:317)
at java.base/java.util.concurrent.ThreadPoolExecutor.runWorker(ThreadPoolExecutor.java:1144)
at java.base/java.util.concurrent.ThreadPoolExecutor$Worker.run(ThreadPoolExecutor.java:642)
at java.base/java.lang.Thread.run(Thread.java:1589)
Caused by: org.openqa.grid.common.exception.GridException: Error forwarding the new session Empty pool of VM for setup Capabilities {browserName: firefox}
at org.openqa.grid.web.servlet.handler.RequestHandler.process(RequestHandler.java:118)
at org.openqa.grid.web.servlet.DriverServlet.process(DriverServlet.java:85)
at org.openqa.grid.web.servlet.DriverServlet.doPost(DriverServlet.java:69)
at javax.servlet.http.HttpServlet.service(HttpServlet.java:707)
at javax.servlet.http.HttpServlet.service(HttpServlet.java:790)
at org.seleniumhq.jetty9.servlet.ServletHolder.handle(ServletHolder.java:865)
at org.seleniumhq.jetty9.servlet.ServletHandler.doHandle(ServletHandler.java:535)
at org.seleniumhq.jetty9.server.handler.ScopedHandler.handle(ScopedHandler.java:146)
at org.seleniumhq.jetty9.security.SecurityHandler.handle(SecurityHandler.java:548)
at org.seleniumhq.jetty9.server.handler.HandlerWrapper.handle(HandlerWrapper.java:132)
at org.seleniumhq.jetty9.server.handler.ScopedHandler.nextHandle(ScopedHandler.java:257)
at org.seleniumhq.jetty9.server.session.SessionHandler.doHandle(SessionHandler.java:1595)
at org.seleniumhq.jetty9.server.handler.ScopedHandler.nextHandle(ScopedHandler.java:255)
at org.seleniumhq.jetty9.server.handler.ContextHandler.doHandle(ContextHandler.java:1340)
at org.seleniumhq.jetty9.server.handler.ScopedHandler.nextScope(ScopedHandler.java:203)
at org.seleniumhq.jetty9.servlet.ServletHandler.doScope(ServletHandler.java:473)
at org.seleniumhq.jetty9.server.session.SessionHandler.doScope(SessionHandler.java:1564)
at org.seleniumhq.jetty9.server.handler.ScopedHandler.nextScope(ScopedHandler.java:201)
at org.seleniumhq.jetty9.server.handler.ContextHandler.doScope(ContextHandler.java:1242)
at org.seleniumhq.jetty9.server.handler.ScopedHandler.handle(ScopedHandler.java:144)
at org.seleniumhq.jetty9.server.handler.HandlerWrapper.handle(HandlerWrapper.java:132)
at org.seleniumhq.jetty9.server.Server.handle(Server.java:503)
at org.seleniumhq.jetty9.server.HttpChannel.handle(HttpChannel.java:364)
at org.seleniumhq.jetty9.server.HttpConnection.onFillable(HttpConnection.java:260)
at org.seleniumhq.jetty9.io.AbstractConnection$ReadCallback.succeeded(AbstractConnection.java:305)
at org.seleniumhq.jetty9.io.FillInterest.fillable(FillInterest.java:103)
at org.seleniumhq.jetty9.io.ChannelEndPoint$2.run(ChannelEndPoint.java:118)
at org.seleniumhq.jetty9.util.thread.QueuedThreadPool.runJob(QueuedThreadPool.java:765)
at org.seleniumhq.jetty9.util.thread.QueuedThreadPool$2.run(QueuedThreadPool.java:683)
at java.lang.Thread.run(Thread.java:834)
]]>
    </error>
  </testcase> <!-- launchApp -->
  <system-out/>
  <testcase classname="SeleniumGrid.Grid_Login$AdminLoginTest" name="checkAdminLogin" time="0.000">
    <skipped/>
  </testcase> <!-- checkAdminLogin -->
  <system-out/>
</testsuite> <!-- SeleniumGrid.Grid_Login$AdminLoginTest -->
