<?xml version="1.0" encoding="UTF-8"?>
<!-- Generated by org.testng.reporters.JUnitReportReporter -->
<testsuite hostname="DESKTOP-AM6U94K" failures="0" tests="3" name="negative_Testing.Login_DWS" time="8.640" errors="0" timestamp="2023-04-17T16:55:18 IST" skipped="0">
  <testcase classname="negative_Testing.Login_DWS" name="bothWrongCreds" time="4.603"/>
  <system-out/>
  <testcase classname="negative_Testing.Login_DWS" name="InvalidUsername" time="1.719"/>
  <system-out/>
  <testcase classname="negative_Testing.Login_DWS" name="InvalidPassword" time="2.318"/>
  <system-out/>
</testsuite> <!-- negative_Testing.Login_DWS -->
