<?xml version="1.0" encoding="UTF-8"?>
<!-- Generated by org.testng.reporters.JUnitReportReporter -->
<testsuite hostname="DESKTOP-AM6U94K" failures="0" tests="2" name="negative_Testing.Neg_Forget_Password" time="6.001" errors="0" timestamp="2023-04-14T17:59:34 IST" skipped="0">
  <testcase classname="negative_Testing.Neg_Forget_Password" name="fp_Invalid_data" time="3.990"/>
  <system-out/>
  <testcase classname="negative_Testing.Neg_Forget_Password" name="fp_Skipping_mandatory_Fields" time="2.011"/>
  <system-out/>
</testsuite> <!-- negative_Testing.Neg_Forget_Password -->
