<?xml version="1.0" encoding="UTF-8"?>
<!-- Generated by org.testng.reporters.JUnitReportReporter -->
<testsuite hostname="DESKTOP-AM6U94K" failures="0" tests="2" name="negative_Testing.Login" time="11.935" errors="0" timestamp="2023-03-13T22:57:19 IST" skipped="0">
  <testcase classname="negative_Testing.Login" name="RegisterVerification" time="8.598"/>
  <system-out/>
  <testcase classname="negative_Testing.Login" name="LoginVerification" time="3.337"/>
  <system-out/>
</testsuite> <!-- negative_Testing.Login -->
