<?xml version="1.0" encoding="UTF-8"?>
<!-- Generated by org.testng.reporters.JUnitReportReporter -->
<testsuite hostname="DESKTOP-AM6U94K" failures="0" tests="1" name="com.mohs10.scripts.HomeTest" time="40.354" errors="0" timestamp="2023-02-23T17:11:08 IST" skipped="0">
  <testcase classname="com.mohs10.scripts.HomeTest" name="LoginTestCase" time="40.354"/>
  <system-out/>
</testsuite> <!-- com.mohs10.scripts.HomeTest -->
