<?xml version="1.0" encoding="UTF-8"?>
<!-- Generated by org.testng.reporters.JUnitReportReporter -->
<testsuite hostname="DESKTOP-AM6U94K" failures="0" tests="1" name="com.mohs10.Report.PDFReportTest" time="12.782" errors="0" timestamp="2023-04-18T03:04:02 IST" skipped="0">
  <testcase classname="com.mohs10.Report.PDFReportTest" name="PDFreports" time="12.782"/>
  <system-out/>
</testsuite> <!-- com.mohs10.Report.PDFReportTest -->
