<?xml version="1.0" encoding="UTF-8"?>
<!-- Generated by org.testng.reporters.JUnitReportReporter -->
<testsuite hostname="DESKTOP-AM6U94K" failures="0" tests="8" name="negative_Testing.Login_Neg_Test_copy" time="20.334" errors="0" timestamp="2023-03-13T22:57:19 IST" skipped="0">
  <testcase classname="negative_Testing.Login_Neg_Test_copy" name="bothWrongCreds" time="5.315"/>
  <system-out/>
  <testcase classname="negative_Testing.Login_Neg_Test_copy" name="invalidPassword" time="2.685"/>
  <system-out/>
  <testcase classname="negative_Testing.Login_Neg_Test_copy" name="invalidUsername" time="3.097"/>
  <system-out/>
  <testcase classname="negative_Testing.Login_Neg_Test_copy" name="bothemptycreds" time="1.128"/>
  <system-out/>
  <testcase classname="negative_Testing.Login_Neg_Test_copy" name="emptyUsername" time="1.142"/>
  <system-out/>
  <testcase classname="negative_Testing.Login_Neg_Test_copy" name="emptyPassword" time="1.111"/>
  <system-out/>
  <testcase classname="negative_Testing.Login_Neg_Test_copy" name="NumericUsername" time="2.776"/>
  <system-out/>
  <testcase classname="negative_Testing.Login_Neg_Test_copy" name="sizeofUsername" time="3.080"/>
  <system-out/>
</testsuite> <!-- negative_Testing.Login_Neg_Test_copy -->
