<?xml version="1.0" encoding="UTF-8"?>
<!-- Generated by org.testng.reporters.JUnitReportReporter -->
<testsuite hostname="DESKTOP-AM6U94K" failures="0" tests="8" name="negative_Testing.Login_Neg_Test" time="13.061" errors="0" timestamp="2023-04-14T17:59:34 IST" skipped="0">
  <testcase classname="negative_Testing.Login_Neg_Test" name="bothWrongCreds" time="4.529"/>
  <system-out/>
  <testcase classname="negative_Testing.Login_Neg_Test" name="invalidPassword" time="1.207"/>
  <system-out/>
  <testcase classname="negative_Testing.Login_Neg_Test" name="invalidUsername" time="1.207"/>
  <system-out/>
  <testcase classname="negative_Testing.Login_Neg_Test" name="bothemptycreds" time="1.148"/>
  <system-out/>
  <testcase classname="negative_Testing.Login_Neg_Test" name="emptyUsername" time="1.156"/>
  <system-out/>
  <testcase classname="negative_Testing.Login_Neg_Test" name="emptyPassword" time="1.132"/>
  <system-out/>
  <testcase classname="negative_Testing.Login_Neg_Test" name="NumericUsername" time="1.451"/>
  <system-out/>
  <testcase classname="negative_Testing.Login_Neg_Test" name="sizeofUsername" time="1.231"/>
  <system-out/>
</testsuite> <!-- negative_Testing.Login_Neg_Test -->
